gyp info it worked if it ends with ok
gyp info using node-gyp@3.8.0
gyp info using node@15.3.0 | darwin | x64
gyp info ok 
gyp info it worked if it ends with ok
gyp info using node-gyp@3.8.0
gyp info using node@15.3.0 | darwin | x64
gyp info spawn /usr/bin/python
gyp info spawn args [
gyp info spawn args   '/Users/jhkim/Dev/지능형신호시스템/node_modules/node-gyp/gyp/gyp_main.py',
gyp info spawn args   'binding.gyp',
gyp info spawn args   '-f',
gyp info spawn args   'make',
gyp info spawn args   '-I',
gyp info spawn args   '/Users/jhkim/Dev/지능형신호시스템/node_modules/node-wiring-pi/build/config.gypi',
gyp info spawn args   '-I',
gyp info spawn args   '/Users/jhkim/Dev/지능형신호시스템/node_modules/node-gyp/addon.gypi',
gyp info spawn args   '-I',
gyp info spawn args   '/Users/jhkim/.node-gyp/15.3.0/include/node/common.gypi',
gyp info spawn args   '-Dlibrary=shared_library',
gyp info spawn args   '-Dvisibility=default',
gyp info spawn args   '-Dnode_root_dir=/Users/jhkim/.node-gyp/15.3.0',
gyp info spawn args   '-Dnode_gyp_dir=/Users/jhkim/Dev/지능형신호시스템/node_modules/node-gyp',
gyp info spawn args   '-Dnode_lib_file=/Users/jhkim/.node-gyp/15.3.0/<(target_arch)/node.lib',
gyp info spawn args   '-Dmodule_root_dir=/Users/jhkim/Dev/지능형신호시스템/node_modules/node-wiring-pi',
gyp info spawn args   '-Dnode_engine=v8',
gyp info spawn args   '--depth=.',
gyp info spawn args   '--no-parallel',
gyp info spawn args   '--generator-output',
gyp info spawn args   'build',
gyp info spawn args   '-Goutput_dir=.'
gyp info spawn args ]
gyp info spawn make
gyp info spawn args [ 'BUILDTYPE=Release', '-C', 'build' ]
  CXX(target) Release/obj.target/nodeWiringPi/src/addon.o
  CXX(target) Release/obj.target/nodeWiringPi/src/wiringPi.o
../src/wiringPi.cc:2:10: error: 'wiringPi.h' file not found with <angled> include; use "quotes" instead
#include <wiringPi.h>
         ^~~~~~~~~~~~
         "wiringPi.h"
../src/wiringPi.cc:14:13: error: no member named 'wiringPiSetup' in the global namespace
    res = ::wiringPiSetup();
          ~~^
../src/wiringPi.cc:17:13: error: no member named 'wiringPiSetupGpio' in the global namespace
    res = ::wiringPiSetupGpio();
          ~~^
../src/wiringPi.cc:20:13: error: no member named 'wiringPiSetupSys' in the global namespace
    res = ::wiringPiSetupSys();
          ~~^
../src/wiringPi.cc:23:13: error: no member named 'wiringPiSetupPhys' in the global namespace
    res = ::wiringPiSetupPhys();
          ~~^
../src/wiringPi.cc:49:15: error: no member named 'wiringPiSetup' in the global namespace
  int res = ::wiringPiSetup();
            ~~^
../src/wiringPi.cc:65:15: error: no member named 'wiringPiSetupGpio' in the global namespace
  int res = ::wiringPiSetupGpio();
            ~~^
../src/wiringPi.cc:89:15: error: no member named 'wiringPiSetupSys' in the global namespace
  int res = ::wiringPiSetupSys();
            ~~^
../src/wiringPi.cc:105:15: error: no member named 'wiringPiSetupPhys' in the global namespace
  int res = ::wiringPiSetupPhys();
            ~~^
../src/wiringPi.cc:125:13: error: too few arguments to function call, single argument 'context' was not specified
  int pin = GET_ARGUMENT_AS_INT32(0);
            ^~~~~~~~~~~~~~~~~~~~~~~~
../src/addon.h:143:37: note: expanded from macro 'GET_ARGUMENT_AS_INT32'
  #define GET_ARGUMENT_AS_INT32(id) GET_ARGUMENT_AS_TYPE(id, Int32Value)
                                    ^~~~~~~~~~~~~~~~~~~~~~~~~~~~~~~~~~~~
../src/addon.h:141:57: note: expanded from macro 'GET_ARGUMENT_AS_TYPE'
  #define GET_ARGUMENT_AS_TYPE(id, type) info[id]->type()
                                         ~~~~~~~~~~~~~~ ^
/Users/jhkim/.node-gyp/15.3.0/include/node/v8.h:2915:40: note: 'Int32Value' declared here
  V8_WARN_UNUSED_RESULT Maybe<int32_t> Int32Value(Local<Context> context) const;
                                       ^
../src/wiringPi.cc:126:14: error: too few arguments to function call, single argument 'context' was not specified
  int mode = GET_ARGUMENT_AS_INT32(1);
             ^~~~~~~~~~~~~~~~~~~~~~~~
../src/addon.h:143:37: note: expanded from macro 'GET_ARGUMENT_AS_INT32'
  #define GET_ARGUMENT_AS_INT32(id) GET_ARGUMENT_AS_TYPE(id, Int32Value)
                                    ^~~~~~~~~~~~~~~~~~~~~~~~~~~~~~~~~~~~
../src/addon.h:141:57: note: expanded from macro 'GET_ARGUMENT_AS_TYPE'
  #define GET_ARGUMENT_AS_TYPE(id, type) info[id]->type()
                                         ~~~~~~~~~~~~~~ ^
/Users/jhkim/.node-gyp/15.3.0/include/node/v8.h:2915:40: note: 'Int32Value' declared here
  V8_WARN_UNUSED_RESULT Maybe<int32_t> Int32Value(Local<Context> context) const;
                                       ^
../src/wiringPi.cc:132:7: error: no member named 'pinModeAlt' in the global namespace
    ::pinModeAlt(pin, mode);
    ~~^
../src/wiringPi.cc:157:13: error: too few arguments to function call, single argument 'context' was not specified
  int pin = GET_ARGUMENT_AS_INT32(0);
            ^~~~~~~~~~~~~~~~~~~~~~~~
../src/addon.h:143:37: note: expanded from macro 'GET_ARGUMENT_AS_INT32'
  #define GET_ARGUMENT_AS_INT32(id) GET_ARGUMENT_AS_TYPE(id, Int32Value)
                                    ^~~~~~~~~~~~~~~~~~~~~~~~~~~~~~~~~~~~
../src/addon.h:141:57: note: expanded from macro 'GET_ARGUMENT_AS_TYPE'
  #define GET_ARGUMENT_AS_TYPE(id, type) info[id]->type()
                                         ~~~~~~~~~~~~~~ ^
/Users/jhkim/.node-gyp/15.3.0/include/node/v8.h:2915:40: note: 'Int32Value' declared here
  V8_WARN_UNUSED_RESULT Maybe<int32_t> Int32Value(Local<Context> context) const;
                                       ^
../src/wiringPi.cc:158:14: error: too few arguments to function call, single argument 'context' was not specified
  int mode = GET_ARGUMENT_AS_INT32(1);
             ^~~~~~~~~~~~~~~~~~~~~~~~
../src/addon.h:143:37: note: expanded from macro 'GET_ARGUMENT_AS_INT32'
  #define GET_ARGUMENT_AS_INT32(id) GET_ARGUMENT_AS_TYPE(id, Int32Value)
                                    ^~~~~~~~~~~~~~~~~~~~~~~~~~~~~~~~~~~~
../src/addon.h:141:57: note: expanded from macro 'GET_ARGUMENT_AS_TYPE'
  #define GET_ARGUMENT_AS_TYPE(id, type) info[id]->type()
                                         ~~~~~~~~~~~~~~ ^
/Users/jhkim/.node-gyp/15.3.0/include/node/v8.h:2915:40: note: 'Int32Value' declared here
  V8_WARN_UNUSED_RESULT Maybe<int32_t> Int32Value(Local<Context> context) const;
                                       ^
../src/wiringPi.cc:160:42: error: use of undeclared identifier 'INPUT'
  const std::vector<int> validInputs = { INPUT, OUTPUT, PWM_OUTPUT, GPIO_CLOCK, SOFT_PWM_OUTPUT, SOFT_TONE_OUTPUT };
                                         ^
../src/wiringPi.cc:160:49: error: use of undeclared identifier 'OUTPUT'
  const std::vector<int> validInputs = { INPUT, OUTPUT, PWM_OUTPUT, GPIO_CLOCK, SOFT_PWM_OUTPUT, SOFT_TONE_OUTPUT };
                                                ^
../src/wiringPi.cc:160:57: error: use of undeclared identifier 'PWM_OUTPUT'
  const std::vector<int> validInputs = { INPUT, OUTPUT, PWM_OUTPUT, GPIO_CLOCK, SOFT_PWM_OUTPUT, SOFT_TONE_OUTPUT };
                                                        ^
../src/wiringPi.cc:160:69: error: use of undeclared identifier 'GPIO_CLOCK'
  const std::vector<int> validInputs = { INPUT, OUTPUT, PWM_OUTPUT, GPIO_CLOCK, SOFT_PWM_OUTPUT, SOFT_TONE_OUTPUT };
                                                                    ^
../src/wiringPi.cc:160:81: error: use of undeclared identifier 'SOFT_PWM_OUTPUT'
  const std::vector<int> validInputs = { INPUT, OUTPUT, PWM_OUTPUT, GPIO_CLOCK, SOFT_PWM_OUTPUT, SOFT_TONE_OUTPUT };
                                                                                ^
fatal error: too many errors emitted, stopping now [-ferror-limit=]
20 errors generated.
make: *** [Release/obj.target/nodeWiringPi/src/wiringPi.o] Error 1
gyp ERR! build error 
gyp ERR! stack Error: `make` failed with exit code: 2
gyp ERR! stack     at ChildProcess.onExit (/Users/jhkim/Dev/지능형신호시스템/node_modules/node-gyp/lib/build.js:262:23)
gyp ERR! stack     at ChildProcess.emit (node:events:376:20)
gyp ERR! stack     at Process.ChildProcess._handle.onexit (node:internal/child_process:277:12)
gyp ERR! System Darwin 20.5.0
gyp ERR! command "/usr/local/Cellar/node/15.3.0/bin/node" "/Users/jhkim/Dev/지능형신호시스템/node_modules/node-wiring-pi/node_modules/.bin/node-gyp" "configure" "build"
gyp ERR! cwd /Users/jhkim/Dev/지능형신호시스템/node_modules/node-wiring-pi
gyp ERR! node -v v15.3.0
gyp ERR! node-gyp -v v3.8.0
gyp ERR! not ok 
